0 verbose cli C:\Program Files\nodejs\node.exe C:\Program Files\nodejs\node_modules\npm\bin\npm-cli.js
1 info using npm@10.9.3
2 info using node@v22.19.0
3 silly config load:file:C:\Program Files\nodejs\node_modules\npm\npmrc
4 silly config load:file:E:\web boss\web hack\backend\.npmrc
5 silly config load:file:C:\Users\hackz\.npmrc
6 silly config load:file:C:\Users\hackz\AppData\Roaming\npm\etc\npmrc
7 verbose title npm install
8 verbose argv "install" "--cache" ".npm-cache"
9 verbose logfile logs-max:10 dir:E:\web boss\web hack\backend\.npm-cache\_logs\2025-09-13T17_19_42_097Z-
10 verbose logfile E:\web boss\web hack\backend\.npm-cache\_logs\2025-09-13T17_19_42_097Z-debug-0.log
11 silly logfile done cleaning log files
12 silly packumentCache heap:4345298944 maxSize:1086324736 maxEntrySize:543162368
13 silly idealTree buildDeps
14 silly fetch manifest better-sqlite3@^9.4.0
15 silly packumentCache full:https://registry.npmjs.org/better-sqlite3 cache-miss
16 http fetch GET 200 https://registry.npmjs.org/better-sqlite3 219ms (cache miss)
17 silly packumentCache full:https://registry.npmjs.org/better-sqlite3 set size:undefined disposed:false
18 silly placeDep ROOT better-sqlite3@9.6.0 OK for: backend@0.1.0 want: ^9.4.0
19 silly fetch manifest bindings@^1.5.0
20 silly packumentCache full:https://registry.npmjs.org/bindings cache-miss
21 silly fetch manifest prebuild-install@^7.1.1
22 silly packumentCache full:https://registry.npmjs.org/prebuild-install cache-miss
23 http fetch GET 200 https://registry.npmjs.org/bindings 95ms (cache miss)
24 silly packumentCache full:https://registry.npmjs.org/bindings set size:undefined disposed:false
25 http fetch GET 200 https://registry.npmjs.org/prebuild-install 153ms (cache miss)
26 silly packumentCache full:https://registry.npmjs.org/prebuild-install set size:undefined disposed:false
27 silly placeDep ROOT bindings@1.5.0 OK for: better-sqlite3@9.6.0 want: ^1.5.0
28 silly placeDep ROOT prebuild-install@7.1.3 OK for: better-sqlite3@9.6.0 want: ^7.1.1
29 silly fetch manifest file-uri-to-path@1.0.0
30 silly packumentCache full:https://registry.npmjs.org/file-uri-to-path cache-miss
31 silly fetch manifest detect-libc@^2.0.0
32 silly packumentCache full:https://registry.npmjs.org/detect-libc cache-miss
33 silly fetch manifest expand-template@^2.0.3
34 silly packumentCache full:https://registry.npmjs.org/expand-template cache-miss
35 silly fetch manifest github-from-package@0.0.0
36 silly packumentCache full:https://registry.npmjs.org/github-from-package cache-miss
37 silly fetch manifest minimist@^1.2.3
38 silly packumentCache full:https://registry.npmjs.org/minimist cache-miss
39 silly fetch manifest mkdirp-classic@^0.5.3
40 silly packumentCache full:https://registry.npmjs.org/mkdirp-classic cache-miss
41 silly fetch manifest napi-build-utils@^2.0.0
42 silly packumentCache full:https://registry.npmjs.org/napi-build-utils cache-miss
43 silly fetch manifest node-abi@^3.3.0
44 silly packumentCache full:https://registry.npmjs.org/node-abi cache-miss
45 silly fetch manifest pump@^3.0.0
46 silly packumentCache full:https://registry.npmjs.org/pump cache-miss
47 silly fetch manifest rc@^1.2.7
48 silly packumentCache full:https://registry.npmjs.org/rc cache-miss
49 silly fetch manifest simple-get@^4.0.0
50 silly packumentCache full:https://registry.npmjs.org/simple-get cache-miss
51 http fetch GET 200 https://registry.npmjs.org/npm 529ms
52 http fetch GET 200 https://registry.npmjs.org/file-uri-to-path 139ms (cache miss)
53 silly packumentCache full:https://registry.npmjs.org/file-uri-to-path set size:undefined disposed:false
54 silly fetch manifest tar-fs@^2.0.0
55 silly packumentCache full:https://registry.npmjs.org/tar-fs cache-miss
56 http fetch GET 200 https://registry.npmjs.org/detect-libc 142ms (cache miss)
57 silly packumentCache full:https://registry.npmjs.org/detect-libc set size:undefined disposed:false
58 silly fetch manifest tunnel-agent@^0.6.0
59 silly packumentCache full:https://registry.npmjs.org/tunnel-agent cache-miss
60 http fetch GET 200 https://registry.npmjs.org/expand-template 145ms (cache miss)
61 silly packumentCache full:https://registry.npmjs.org/expand-template set size:undefined disposed:false
62 http fetch GET 200 https://registry.npmjs.org/minimist 157ms (cache miss)
63 silly packumentCache full:https://registry.npmjs.org/minimist set size:undefined disposed:false
64 http fetch GET 200 https://registry.npmjs.org/mkdirp-classic 246ms (cache miss)
65 silly packumentCache full:https://registry.npmjs.org/mkdirp-classic set size:undefined disposed:false
66 http fetch GET 200 https://registry.npmjs.org/tunnel-agent 109ms (cache miss)
67 silly packumentCache full:https://registry.npmjs.org/tunnel-agent set size:undefined disposed:false
68 http fetch GET 200 https://registry.npmjs.org/tar-fs 116ms (cache miss)
69 silly packumentCache full:https://registry.npmjs.org/tar-fs set size:undefined disposed:false
70 http fetch GET 200 https://registry.npmjs.org/pump 255ms (cache miss)
71 silly packumentCache full:https://registry.npmjs.org/pump set size:undefined disposed:false
72 http fetch GET 200 https://registry.npmjs.org/github-from-package 260ms (cache miss)
73 silly packumentCache full:https://registry.npmjs.org/github-from-package set size:undefined disposed:false
74 http fetch GET 200 https://registry.npmjs.org/rc 262ms (cache miss)
75 silly packumentCache full:https://registry.npmjs.org/rc set size:undefined disposed:false
76 http fetch GET 200 https://registry.npmjs.org/napi-build-utils 265ms (cache miss)
77 silly packumentCache full:https://registry.npmjs.org/napi-build-utils set size:undefined disposed:false
78 http fetch GET 200 https://registry.npmjs.org/simple-get 267ms (cache miss)
79 silly packumentCache full:https://registry.npmjs.org/simple-get set size:undefined disposed:false
80 http fetch GET 200 https://registry.npmjs.org/node-abi 276ms (cache miss)
81 silly packumentCache full:https://registry.npmjs.org/node-abi set size:undefined disposed:false
82 silly placeDep ROOT file-uri-to-path@1.0.0 OK for: bindings@1.5.0 want: 1.0.0
83 silly placeDep ROOT detect-libc@2.0.4 OK for: prebuild-install@7.1.3 want: ^2.0.0
84 silly placeDep ROOT expand-template@2.0.3 OK for: prebuild-install@7.1.3 want: ^2.0.3
85 silly placeDep ROOT github-from-package@0.0.0 OK for: prebuild-install@7.1.3 want: 0.0.0
86 silly placeDep ROOT minimist@1.2.8 OK for: prebuild-install@7.1.3 want: ^1.2.3
87 silly placeDep ROOT mkdirp-classic@0.5.3 OK for: prebuild-install@7.1.3 want: ^0.5.3
88 silly placeDep ROOT napi-build-utils@2.0.0 OK for: prebuild-install@7.1.3 want: ^2.0.0
89 silly placeDep ROOT node-abi@3.77.0 OK for: prebuild-install@7.1.3 want: ^3.3.0
90 silly placeDep ROOT pump@3.0.3 OK for: prebuild-install@7.1.3 want: ^3.0.0
91 silly placeDep ROOT rc@1.2.8 OK for: prebuild-install@7.1.3 want: ^1.2.7
92 silly placeDep ROOT simple-get@4.0.1 OK for: prebuild-install@7.1.3 want: ^4.0.0
93 silly placeDep ROOT tar-fs@2.1.3 OK for: prebuild-install@7.1.3 want: ^2.0.0
94 silly placeDep ROOT tunnel-agent@0.6.0 OK for: prebuild-install@7.1.3 want: ^0.6.0
95 silly fetch manifest end-of-stream@^1.1.0
96 silly packumentCache full:https://registry.npmjs.org/end-of-stream cache-miss
97 silly fetch manifest once@^1.3.1
98 silly packumentCache full:https://registry.npmjs.org/once cache-miss
99 silly fetch manifest ini@~1.3.0
100 silly packumentCache full:https://registry.npmjs.org/ini cache-miss
101 silly fetch manifest deep-extend@^0.6.0
102 silly packumentCache full:https://registry.npmjs.org/deep-extend cache-miss
103 silly fetch manifest strip-json-comments@~2.0.1
104 silly packumentCache full:https://registry.npmjs.org/strip-json-comments cache-miss
105 silly fetch manifest decompress-response@^6.0.0
106 silly packumentCache full:https://registry.npmjs.org/decompress-response cache-miss
107 silly fetch manifest once@^1.3.1
108 silly packumentCache full:https://registry.npmjs.org/once cache-miss
109 silly fetch manifest simple-concat@^1.0.0
110 silly packumentCache full:https://registry.npmjs.org/simple-concat cache-miss
111 silly fetch manifest chownr@^1.1.1
112 silly packumentCache full:https://registry.npmjs.org/chownr cache-miss
113 silly fetch manifest tar-stream@^2.1.4
114 silly packumentCache full:https://registry.npmjs.org/tar-stream cache-miss
115 http fetch GET 200 https://registry.npmjs.org/strip-json-comments 59ms (cache miss)
116 silly packumentCache full:https://registry.npmjs.org/strip-json-comments set size:undefined disposed:false
117 http fetch GET 200 https://registry.npmjs.org/end-of-stream 105ms (cache miss)
118 silly packumentCache full:https://registry.npmjs.org/end-of-stream set size:undefined disposed:false
119 http fetch GET 200 https://registry.npmjs.org/deep-extend 108ms (cache miss)
120 silly packumentCache full:https://registry.npmjs.org/deep-extend set size:undefined disposed:false
121 http fetch GET 200 https://registry.npmjs.org/chownr 108ms (cache miss)
122 silly packumentCache full:https://registry.npmjs.org/chownr set size:undefined disposed:false
123 http fetch GET 200 https://registry.npmjs.org/ini 114ms (cache miss)
124 silly packumentCache full:https://registry.npmjs.org/ini set size:undefined disposed:false
125 http fetch GET 200 https://registry.npmjs.org/decompress-response 115ms (cache miss)
126 silly packumentCache full:https://registry.npmjs.org/decompress-response set size:undefined disposed:false
127 http fetch GET 200 https://registry.npmjs.org/simple-concat 127ms (cache miss)
128 silly packumentCache full:https://registry.npmjs.org/simple-concat set size:undefined disposed:false
129 http fetch GET 200 https://registry.npmjs.org/once 130ms (cache miss)
130 silly packumentCache full:https://registry.npmjs.org/once set size:undefined disposed:false
131 http fetch GET 200 https://registry.npmjs.org/tar-stream 129ms (cache miss)
132 silly packumentCache full:https://registry.npmjs.org/tar-stream set size:undefined disposed:false
133 http fetch GET 200 https://registry.npmjs.org/once 204ms (cache miss)
134 silly packumentCache full:https://registry.npmjs.org/once set size:undefined disposed:false
135 silly placeDep ROOT end-of-stream@1.4.5 OK for: pump@3.0.3 want: ^1.1.0
136 silly placeDep ROOT once@1.4.0 OK for: pump@3.0.3 want: ^1.3.1
137 silly fetch manifest once@^1.4.0
138 silly packumentCache full:https://registry.npmjs.org/once cache-miss
139 silly fetch manifest wrappy@1
140 silly packumentCache full:https://registry.npmjs.org/wrappy cache-miss
141 http cache https://registry.npmjs.org/once 12ms (cache hit)
142 silly packumentCache full:https://registry.npmjs.org/once set size:11768 disposed:false
143 http fetch GET 200 https://registry.npmjs.org/wrappy 60ms (cache miss)
144 silly packumentCache full:https://registry.npmjs.org/wrappy set size:undefined disposed:false
145 silly placeDep ROOT wrappy@1.0.2 OK for: once@1.4.0 want: 1
146 silly placeDep ROOT deep-extend@0.6.0 OK for: rc@1.2.8 want: ^0.6.0
147 silly placeDep ROOT ini@1.3.8 OK for: rc@1.2.8 want: ~1.3.0
148 silly placeDep ROOT strip-json-comments@2.0.1 OK for: rc@1.2.8 want: ~2.0.1
149 silly placeDep ROOT decompress-response@6.0.0 OK for: simple-get@4.0.1 want: ^6.0.0
150 silly placeDep ROOT simple-concat@1.0.1 OK for: simple-get@4.0.1 want: ^1.0.0
151 silly fetch manifest mimic-response@^3.1.0
152 silly packumentCache full:https://registry.npmjs.org/mimic-response cache-miss
153 http fetch GET 200 https://registry.npmjs.org/mimic-response 90ms (cache miss)
154 silly packumentCache full:https://registry.npmjs.org/mimic-response set size:undefined disposed:false
155 silly placeDep ROOT mimic-response@3.1.0 OK for: decompress-response@6.0.0 want: ^3.1.0
156 silly placeDep ROOT chownr@1.1.4 OK for: tar-fs@2.1.3 want: ^1.1.1
157 silly placeDep ROOT tar-stream@2.2.0 OK for: tar-fs@2.1.3 want: ^2.1.4
158 silly fetch manifest bl@^4.0.3
159 silly packumentCache full:https://registry.npmjs.org/bl cache-miss
160 silly fetch manifest fs-constants@^1.0.0
161 silly packumentCache full:https://registry.npmjs.org/fs-constants cache-miss
162 silly fetch manifest readable-stream@^3.1.1
163 silly packumentCache full:https://registry.npmjs.org/readable-stream cache-miss
164 http fetch GET 200 https://registry.npmjs.org/bl 57ms (cache miss)
165 silly packumentCache full:https://registry.npmjs.org/bl set size:undefined disposed:false
166 http fetch GET 200 https://registry.npmjs.org/readable-stream 99ms (cache miss)
167 silly packumentCache full:https://registry.npmjs.org/readable-stream set size:undefined disposed:false
168 http fetch GET 200 https://registry.npmjs.org/fs-constants 105ms (cache miss)
169 silly packumentCache full:https://registry.npmjs.org/fs-constants set size:undefined disposed:false
170 silly placeDep ROOT bl@4.1.0 OK for: tar-stream@2.2.0 want: ^4.0.3
171 silly placeDep ROOT fs-constants@1.0.0 OK for: tar-stream@2.2.0 want: ^1.0.0
172 silly placeDep ROOT readable-stream@3.6.2 OK for: tar-stream@2.2.0 want: ^3.1.1
173 silly fetch manifest buffer@^5.5.0
174 silly packumentCache full:https://registry.npmjs.org/buffer cache-miss
175 silly fetch manifest readable-stream@^3.4.0
176 silly packumentCache full:https://registry.npmjs.org/readable-stream cache-miss
177 silly fetch manifest string_decoder@^1.1.1
178 silly packumentCache full:https://registry.npmjs.org/string_decoder cache-miss
179 silly fetch manifest util-deprecate@^1.0.1
180 silly packumentCache full:https://registry.npmjs.org/util-deprecate cache-miss
181 http cache https://registry.npmjs.org/readable-stream 10ms (cache hit)
182 silly packumentCache full:https://registry.npmjs.org/readable-stream set size:261096 disposed:false
183 http fetch GET 200 https://registry.npmjs.org/util-deprecate 55ms (cache miss)
184 silly packumentCache full:https://registry.npmjs.org/util-deprecate set size:undefined disposed:false
185 http fetch GET 200 https://registry.npmjs.org/buffer 69ms (cache miss)
186 silly packumentCache full:https://registry.npmjs.org/buffer set size:undefined disposed:false
187 http fetch GET 200 https://registry.npmjs.org/string_decoder 82ms (cache miss)
188 silly packumentCache full:https://registry.npmjs.org/string_decoder set size:undefined disposed:false
189 silly placeDep ROOT buffer@5.7.1 OK for: bl@4.1.0 want: ^5.5.0
190 silly fetch manifest base64-js@^1.3.1
191 silly packumentCache full:https://registry.npmjs.org/base64-js cache-miss
192 silly fetch manifest ieee754@^1.1.13
193 silly packumentCache full:https://registry.npmjs.org/ieee754 cache-miss
194 http fetch GET 200 https://registry.npmjs.org/base64-js 115ms (cache miss)
195 silly packumentCache full:https://registry.npmjs.org/base64-js set size:undefined disposed:false
196 http fetch GET 200 https://registry.npmjs.org/ieee754 116ms (cache miss)
197 silly packumentCache full:https://registry.npmjs.org/ieee754 set size:undefined disposed:false
198 silly placeDep ROOT base64-js@1.5.1 OK for: buffer@5.7.1 want: ^1.3.1
199 silly placeDep ROOT ieee754@1.2.1 OK for: buffer@5.7.1 want: ^1.1.13
200 silly placeDep ROOT string_decoder@1.3.0 OK for: readable-stream@3.6.2 want: ^1.1.1
201 silly placeDep ROOT util-deprecate@1.0.2 OK for: readable-stream@3.6.2 want: ^1.0.1
202 silly reify moves {}
203 silly audit bulk request {
203 silly audit   accepts: [ '1.3.8' ],
203 silly audit   anymatch: [ '3.1.3' ],
203 silly audit   'array-flatten': [ '1.1.1' ],
203 silly audit   'balanced-match': [ '1.0.2' ],
203 silly audit   'basic-auth': [ '2.0.1' ],
203 silly audit   'safe-buffer': [ '5.1.2', '5.2.1' ],
203 silly audit   'binary-extensions': [ '2.3.0' ],
203 silly audit   'body-parser': [ '1.20.3' ],
203 silly audit   'brace-expansion': [ '1.1.12' ],
203 silly audit   braces: [ '3.0.3' ],
203 silly audit   bytes: [ '3.1.2' ],
203 silly audit   'call-bind-apply-helpers': [ '1.0.2' ],
203 silly audit   'call-bound': [ '1.0.4' ],
203 silly audit   chokidar: [ '3.6.0' ],
203 silly audit   'concat-map': [ '0.0.1' ],
203 silly audit   'content-disposition': [ '0.5.4' ],
203 silly audit   'content-type': [ '1.0.5' ],
203 silly audit   cookie: [ '0.7.1' ],
203 silly audit   'cookie-signature': [ '1.0.6' ],
203 silly audit   cors: [ '2.8.5' ],
203 silly audit   debug: [ '2.6.9', '4.4.1' ],
203 silly audit   depd: [ '2.0.0' ],
203 silly audit   destroy: [ '1.2.0' ],
203 silly audit   dotenv: [ '16.6.1' ],
203 silly audit   'dunder-proto': [ '1.0.1' ],
203 silly audit   'ee-first': [ '1.1.1' ],
203 silly audit   encodeurl: [ '2.0.0', '1.0.2' ],
203 silly audit   'es-define-property': [ '1.0.1' ],
203 silly audit   'es-errors': [ '1.3.0' ],
203 silly audit   'es-object-atoms': [ '1.1.1' ],
203 silly audit   'escape-html': [ '1.0.3' ],
203 silly audit   etag: [ '1.8.1' ],
203 silly audit   express: [ '4.21.2' ],
203 silly audit   'fill-range': [ '7.1.1' ],
203 silly audit   finalhandler: [ '1.3.1' ],
203 silly audit   forwarded: [ '0.2.0' ],
203 silly audit   fresh: [ '0.5.2' ],
203 silly audit   fsevents: [ '2.3.3' ],
203 silly audit   'function-bind': [ '1.1.2' ],
203 silly audit   'get-intrinsic': [ '1.3.0' ],
203 silly audit   'get-proto': [ '1.0.1' ],
203 silly audit   'glob-parent': [ '5.1.2' ],
203 silly audit   gopd: [ '1.2.0' ],
203 silly audit   'has-flag': [ '3.0.0' ],
203 silly audit   'has-symbols': [ '1.1.0' ],
203 silly audit   hasown: [ '2.0.2' ],
203 silly audit   'http-errors': [ '2.0.0' ],
203 silly audit   'iconv-lite': [ '0.4.24' ],
203 silly audit   'ignore-by-default': [ '1.0.1' ],
203 silly audit   inherits: [ '2.0.4' ],
203 silly audit   'ipaddr.js': [ '1.9.1' ],
203 silly audit   'is-binary-path': [ '2.1.0' ],
203 silly audit   'is-extglob': [ '2.1.1' ],
203 silly audit   'is-glob': [ '4.0.3' ],
203 silly audit   'is-number': [ '7.0.0' ],
203 silly audit   'math-intrinsics': [ '1.1.0' ],
203 silly audit   'media-typer': [ '0.3.0' ],
203 silly audit   'merge-descriptors': [ '1.0.3' ],
203 silly audit   methods: [ '1.1.2' ],
203 silly audit   mime: [ '1.6.0' ],
203 silly audit   'mime-db': [ '1.52.0' ],
203 silly audit   'mime-types': [ '2.1.35' ],
203 silly audit   minimatch: [ '3.1.2' ],
203 silly audit   morgan: [ '1.10.1' ],
203 silly audit   'on-finished': [ '2.3.0', '2.4.1' ],
203 silly audit   ms: [ '2.0.0', '2.1.3' ],
203 silly audit   negotiator: [ '0.6.3' ],
203 silly audit   nodemon: [ '3.1.10' ],
203 silly audit   'normalize-path': [ '3.0.0' ],
203 silly audit   'object-assign': [ '4.1.1' ],
203 silly audit   'object-inspect': [ '1.13.4' ],
203 silly audit   'on-headers': [ '1.1.0' ],
203 silly audit   parseurl: [ '1.3.3' ],
203 silly audit   'path-to-regexp': [ '0.1.12' ],
203 silly audit   picomatch: [ '2.3.1' ],
203 silly audit   'proxy-addr': [ '2.0.7' ],
203 silly audit   'pstree.remy': [ '1.1.8' ],
203 silly audit   qs: [ '6.13.0' ],
203 silly audit   'range-parser': [ '1.2.1' ],
203 silly audit   'raw-body': [ '2.5.2' ],
203 silly audit   readdirp: [ '3.6.0' ],
203 silly audit   'safer-buffer': [ '2.1.2' ],
203 silly audit   semver: [ '7.7.2' ],
203 silly audit   send: [ '0.19.0' ],
203 silly audit   'serve-static': [ '1.16.2' ],
203 silly audit   setprototypeof: [ '1.2.0' ],
203 silly audit   'side-channel': [ '1.1.0' ],
203 silly audit   'side-channel-list': [ '1.0.0' ],
203 silly audit   'side-channel-map': [ '1.0.1' ],
203 silly audit   'side-channel-weakmap': [ '1.0.2' ],
203 silly audit   'simple-update-notifier': [ '2.0.0' ],
203 silly audit   statuses: [ '2.0.1' ],
203 silly audit   'supports-color': [ '5.5.0' ],
203 silly audit   'to-regex-range': [ '5.0.1' ],
203 silly audit   toidentifier: [ '1.0.1' ],
203 silly audit   touch: [ '3.1.1' ],
203 silly audit   'type-is': [ '1.6.18' ],
203 silly audit   undefsafe: [ '2.0.5' ],
203 silly audit   unpipe: [ '1.0.0' ],
203 silly audit   'utils-merge': [ '1.0.1' ],
203 silly audit   vary: [ '1.1.2' ],
203 silly audit   'better-sqlite3': [ '9.6.0' ],
203 silly audit   bindings: [ '1.5.0' ],
203 silly audit   'prebuild-install': [ '7.1.3' ],
203 silly audit   'file-uri-to-path': [ '1.0.0' ],
203 silly audit   'detect-libc': [ '2.0.4' ],
203 silly audit   'expand-template': [ '2.0.3' ],
203 silly audit   'github-from-package': [ '0.0.0' ],
203 silly audit   minimist: [ '1.2.8' ],
203 silly audit   'mkdirp-classic': [ '0.5.3' ],
203 silly audit   'napi-build-utils': [ '2.0.0' ],
203 silly audit   'node-abi': [ '3.77.0' ],
203 silly audit   pump: [ '3.0.3' ],
203 silly audit   rc: [ '1.2.8' ],
203 silly audit   'simple-get': [ '4.0.1' ],
203 silly audit   'tar-fs': [ '2.1.3' ],
203 silly audit   'tunnel-agent': [ '0.6.0' ],
203 silly audit   'end-of-stream': [ '1.4.5' ],
203 silly audit   once: [ '1.4.0' ],
203 silly audit   wrappy: [ '1.0.2' ],
203 silly audit   'deep-extend': [ '0.6.0' ],
203 silly audit   ini: [ '1.3.8' ],
203 silly audit   'strip-json-comments': [ '2.0.1' ],
203 silly audit   'decompress-response': [ '6.0.0' ],
203 silly audit   'simple-concat': [ '1.0.1' ],
203 silly audit   'mimic-response': [ '3.1.0' ],
203 silly audit   chownr: [ '1.1.4' ],
203 silly audit   'tar-stream': [ '2.2.0' ],
203 silly audit   bl: [ '4.1.0' ],
203 silly audit   'fs-constants': [ '1.0.0' ],
203 silly audit   'readable-stream': [ '3.6.2' ],
203 silly audit   buffer: [ '5.7.1' ],
203 silly audit   'base64-js': [ '1.5.1' ],
203 silly audit   ieee754: [ '1.2.1' ],
203 silly audit   string_decoder: [ '1.3.0' ],
203 silly audit   'util-deprecate': [ '1.0.2' ]
203 silly audit }
204 verbose reify failed optional dependency E:\web boss\web hack\backend\node_modules\fsevents
205 silly reify mark deleted [ 'E:\\web boss\\web hack\\backend\\node_modules\\fsevents' ]
206 http cache util-deprecate@https://registry.npmjs.org/util-deprecate/-/util-deprecate-1.0.2.tgz 0ms (cache hit)
207 http cache string_decoder@https://registry.npmjs.org/string_decoder/-/string_decoder-1.3.0.tgz 0ms (cache hit)
208 http cache base64-js@https://registry.npmjs.org/base64-js/-/base64-js-1.5.1.tgz 0ms (cache hit)
209 http cache buffer@https://registry.npmjs.org/buffer/-/buffer-5.7.1.tgz 0ms (cache hit)
210 http cache readable-stream@https://registry.npmjs.org/readable-stream/-/readable-stream-3.6.2.tgz 0ms (cache hit)
211 http cache ieee754@https://registry.npmjs.org/ieee754/-/ieee754-1.2.1.tgz 0ms (cache hit)
212 http cache bl@https://registry.npmjs.org/bl/-/bl-4.1.0.tgz 0ms (cache hit)
213 http cache fs-constants@https://registry.npmjs.org/fs-constants/-/fs-constants-1.0.0.tgz 0ms (cache hit)
214 http cache tar-stream@https://registry.npmjs.org/tar-stream/-/tar-stream-2.2.0.tgz 0ms (cache hit)
215 http cache chownr@https://registry.npmjs.org/chownr/-/chownr-1.1.4.tgz 0ms (cache hit)
216 http cache simple-concat@https://registry.npmjs.org/simple-concat/-/simple-concat-1.0.1.tgz 0ms (cache hit)
217 http cache strip-json-comments@https://registry.npmjs.org/strip-json-comments/-/strip-json-comments-2.0.1.tgz 0ms (cache hit)
218 http cache decompress-response@https://registry.npmjs.org/decompress-response/-/decompress-response-6.0.0.tgz 0ms (cache hit)
219 http cache mimic-response@https://registry.npmjs.org/mimic-response/-/mimic-response-3.1.0.tgz 0ms (cache hit)
220 http cache ini@https://registry.npmjs.org/ini/-/ini-1.3.8.tgz 0ms (cache hit)
221 http cache deep-extend@https://registry.npmjs.org/deep-extend/-/deep-extend-0.6.0.tgz 0ms (cache hit)
222 http cache once@https://registry.npmjs.org/once/-/once-1.4.0.tgz 0ms (cache hit)
223 http cache wrappy@https://registry.npmjs.org/wrappy/-/wrappy-1.0.2.tgz 0ms (cache hit)
224 http cache end-of-stream@https://registry.npmjs.org/end-of-stream/-/end-of-stream-1.4.5.tgz 0ms (cache hit)
225 http cache tunnel-agent@https://registry.npmjs.org/tunnel-agent/-/tunnel-agent-0.6.0.tgz 0ms (cache hit)
226 http cache tar-fs@https://registry.npmjs.org/tar-fs/-/tar-fs-2.1.3.tgz 0ms (cache hit)
227 http cache simple-get@https://registry.npmjs.org/simple-get/-/simple-get-4.0.1.tgz 0ms (cache hit)
228 http cache pump@https://registry.npmjs.org/pump/-/pump-3.0.3.tgz 0ms (cache hit)
229 http cache napi-build-utils@https://registry.npmjs.org/napi-build-utils/-/napi-build-utils-2.0.0.tgz 0ms (cache hit)
230 http cache rc@https://registry.npmjs.org/rc/-/rc-1.2.8.tgz 0ms (cache hit)
231 http cache node-abi@https://registry.npmjs.org/node-abi/-/node-abi-3.77.0.tgz 0ms (cache hit)
232 http cache mkdirp-classic@https://registry.npmjs.org/mkdirp-classic/-/mkdirp-classic-0.5.3.tgz 0ms (cache hit)
233 http cache minimist@https://registry.npmjs.org/minimist/-/minimist-1.2.8.tgz 0ms (cache hit)
234 http cache github-from-package@https://registry.npmjs.org/github-from-package/-/github-from-package-0.0.0.tgz 0ms (cache hit)
235 http cache detect-libc@https://registry.npmjs.org/detect-libc/-/detect-libc-2.0.4.tgz 0ms (cache hit)
236 http cache prebuild-install@https://registry.npmjs.org/prebuild-install/-/prebuild-install-7.1.3.tgz 0ms (cache hit)
237 http cache expand-template@https://registry.npmjs.org/expand-template/-/expand-template-2.0.3.tgz 0ms (cache hit)
238 silly tarball no local data for util-deprecate@https://registry.npmjs.org/util-deprecate/-/util-deprecate-1.0.2.tgz. Extracting by manifest.
239 http cache file-uri-to-path@https://registry.npmjs.org/file-uri-to-path/-/file-uri-to-path-1.0.0.tgz 0ms (cache hit)
240 silly tarball no local data for string_decoder@https://registry.npmjs.org/string_decoder/-/string_decoder-1.3.0.tgz. Extracting by manifest.
241 http cache bindings@https://registry.npmjs.org/bindings/-/bindings-1.5.0.tgz 0ms (cache hit)
242 silly tarball no local data for base64-js@https://registry.npmjs.org/base64-js/-/base64-js-1.5.1.tgz. Extracting by manifest.
243 http cache better-sqlite3@https://registry.npmjs.org/better-sqlite3/-/better-sqlite3-9.6.0.tgz 0ms (cache hit)
244 silly tarball no local data for buffer@https://registry.npmjs.org/buffer/-/buffer-5.7.1.tgz. Extracting by manifest.
245 silly tarball no local data for readable-stream@https://registry.npmjs.org/readable-stream/-/readable-stream-3.6.2.tgz. Extracting by manifest.
246 silly tarball no local data for ieee754@https://registry.npmjs.org/ieee754/-/ieee754-1.2.1.tgz. Extracting by manifest.
247 silly tarball no local data for bl@https://registry.npmjs.org/bl/-/bl-4.1.0.tgz. Extracting by manifest.
248 silly tarball no local data for fs-constants@https://registry.npmjs.org/fs-constants/-/fs-constants-1.0.0.tgz. Extracting by manifest.
249 silly tarball no local data for tar-stream@https://registry.npmjs.org/tar-stream/-/tar-stream-2.2.0.tgz. Extracting by manifest.
250 silly tarball no local data for chownr@https://registry.npmjs.org/chownr/-/chownr-1.1.4.tgz. Extracting by manifest.
251 silly tarball no local data for simple-concat@https://registry.npmjs.org/simple-concat/-/simple-concat-1.0.1.tgz. Extracting by manifest.
252 silly tarball no local data for strip-json-comments@https://registry.npmjs.org/strip-json-comments/-/strip-json-comments-2.0.1.tgz. Extracting by manifest.
253 silly tarball no local data for decompress-response@https://registry.npmjs.org/decompress-response/-/decompress-response-6.0.0.tgz. Extracting by manifest.
254 silly tarball no local data for mimic-response@https://registry.npmjs.org/mimic-response/-/mimic-response-3.1.0.tgz. Extracting by manifest.
255 silly tarball no local data for ini@https://registry.npmjs.org/ini/-/ini-1.3.8.tgz. Extracting by manifest.
256 silly tarball no local data for deep-extend@https://registry.npmjs.org/deep-extend/-/deep-extend-0.6.0.tgz. Extracting by manifest.
257 silly tarball no local data for once@https://registry.npmjs.org/once/-/once-1.4.0.tgz. Extracting by manifest.
258 silly tarball no local data for wrappy@https://registry.npmjs.org/wrappy/-/wrappy-1.0.2.tgz. Extracting by manifest.
259 silly tarball no local data for end-of-stream@https://registry.npmjs.org/end-of-stream/-/end-of-stream-1.4.5.tgz. Extracting by manifest.
260 silly tarball no local data for tunnel-agent@https://registry.npmjs.org/tunnel-agent/-/tunnel-agent-0.6.0.tgz. Extracting by manifest.
261 silly tarball no local data for tar-fs@https://registry.npmjs.org/tar-fs/-/tar-fs-2.1.3.tgz. Extracting by manifest.
262 silly tarball no local data for simple-get@https://registry.npmjs.org/simple-get/-/simple-get-4.0.1.tgz. Extracting by manifest.
263 silly tarball no local data for pump@https://registry.npmjs.org/pump/-/pump-3.0.3.tgz. Extracting by manifest.
264 silly tarball no local data for napi-build-utils@https://registry.npmjs.org/napi-build-utils/-/napi-build-utils-2.0.0.tgz. Extracting by manifest.
265 silly tarball no local data for rc@https://registry.npmjs.org/rc/-/rc-1.2.8.tgz. Extracting by manifest.
266 silly tarball no local data for node-abi@https://registry.npmjs.org/node-abi/-/node-abi-3.77.0.tgz. Extracting by manifest.
267 silly tarball no local data for mkdirp-classic@https://registry.npmjs.org/mkdirp-classic/-/mkdirp-classic-0.5.3.tgz. Extracting by manifest.
268 silly tarball no local data for minimist@https://registry.npmjs.org/minimist/-/minimist-1.2.8.tgz. Extracting by manifest.
269 silly tarball no local data for github-from-package@https://registry.npmjs.org/github-from-package/-/github-from-package-0.0.0.tgz. Extracting by manifest.
270 silly tarball no local data for detect-libc@https://registry.npmjs.org/detect-libc/-/detect-libc-2.0.4.tgz. Extracting by manifest.
271 silly tarball no local data for prebuild-install@https://registry.npmjs.org/prebuild-install/-/prebuild-install-7.1.3.tgz. Extracting by manifest.
272 silly tarball no local data for expand-template@https://registry.npmjs.org/expand-template/-/expand-template-2.0.3.tgz. Extracting by manifest.
273 silly tarball no local data for file-uri-to-path@https://registry.npmjs.org/file-uri-to-path/-/file-uri-to-path-1.0.0.tgz. Extracting by manifest.
274 silly tarball no local data for bindings@https://registry.npmjs.org/bindings/-/bindings-1.5.0.tgz. Extracting by manifest.
275 silly tarball no local data for better-sqlite3@https://registry.npmjs.org/better-sqlite3/-/better-sqlite3-9.6.0.tgz. Extracting by manifest.
276 http fetch GET 200 https://registry.npmjs.org/base64-js/-/base64-js-1.5.1.tgz 250ms (cache miss)
277 http fetch GET 200 https://registry.npmjs.org/string_decoder/-/string_decoder-1.3.0.tgz 257ms (cache miss)
278 http fetch GET 200 https://registry.npmjs.org/fs-constants/-/fs-constants-1.0.0.tgz 258ms (cache miss)
279 http fetch GET 200 https://registry.npmjs.org/ieee754/-/ieee754-1.2.1.tgz 272ms (cache miss)
280 http fetch GET 200 https://registry.npmjs.org/chownr/-/chownr-1.1.4.tgz 270ms (cache miss)
281 http fetch GET 200 https://registry.npmjs.org/util-deprecate/-/util-deprecate-1.0.2.tgz 287ms (cache miss)
282 http fetch GET 200 https://registry.npmjs.org/once/-/once-1.4.0.tgz 290ms (cache miss)
283 http fetch POST 200 https://registry.npmjs.org/-/npm/v1/security/advisories/bulk 323ms
284 silly audit report {}
285 http fetch GET 200 https://registry.npmjs.org/end-of-stream/-/end-of-stream-1.4.5.tgz 294ms (cache miss)
286 http fetch GET 200 https://registry.npmjs.org/ini/-/ini-1.3.8.tgz 302ms (cache miss)
287 http fetch GET 200 https://registry.npmjs.org/deep-extend/-/deep-extend-0.6.0.tgz 307ms (cache miss)
288 http fetch GET 200 https://registry.npmjs.org/wrappy/-/wrappy-1.0.2.tgz 308ms (cache miss)
289 http fetch GET 200 https://registry.npmjs.org/strip-json-comments/-/strip-json-comments-2.0.1.tgz 314ms (cache miss)
290 http fetch GET 200 https://registry.npmjs.org/tar-fs/-/tar-fs-2.1.3.tgz 311ms (cache miss)
291 http fetch GET 200 https://registry.npmjs.org/buffer/-/buffer-5.7.1.tgz 319ms (cache miss)
292 http fetch GET 200 https://registry.npmjs.org/decompress-response/-/decompress-response-6.0.0.tgz 315ms (cache miss)
293 http fetch GET 200 https://registry.npmjs.org/mimic-response/-/mimic-response-3.1.0.tgz 321ms (cache miss)
294 http fetch GET 200 https://registry.npmjs.org/prebuild-install/-/prebuild-install-7.1.3.tgz 324ms (cache miss)
295 http fetch GET 200 https://registry.npmjs.org/mkdirp-classic/-/mkdirp-classic-0.5.3.tgz 327ms (cache miss)
296 http fetch GET 200 https://registry.npmjs.org/github-from-package/-/github-from-package-0.0.0.tgz 329ms (cache miss)
297 http fetch GET 200 https://registry.npmjs.org/simple-concat/-/simple-concat-1.0.1.tgz 337ms (cache miss)
298 http fetch GET 200 https://registry.npmjs.org/tunnel-agent/-/tunnel-agent-0.6.0.tgz 337ms (cache miss)
299 http fetch GET 200 https://registry.npmjs.org/node-abi/-/node-abi-3.77.0.tgz 337ms (cache miss)
300 http fetch GET 200 https://registry.npmjs.org/tar-stream/-/tar-stream-2.2.0.tgz 345ms (cache miss)
301 http fetch GET 200 https://registry.npmjs.org/napi-build-utils/-/napi-build-utils-2.0.0.tgz 343ms (cache miss)
302 http fetch GET 200 https://registry.npmjs.org/bindings/-/bindings-1.5.0.tgz 338ms (cache miss)
303 http fetch GET 200 https://registry.npmjs.org/simple-get/-/simple-get-4.0.1.tgz 345ms (cache miss)
304 http fetch GET 200 https://registry.npmjs.org/expand-template/-/expand-template-2.0.3.tgz 342ms (cache miss)
305 http fetch GET 200 https://registry.npmjs.org/bl/-/bl-4.1.0.tgz 365ms (cache miss)
306 http fetch GET 200 https://registry.npmjs.org/detect-libc/-/detect-libc-2.0.4.tgz 357ms (cache miss)
307 http fetch GET 200 https://registry.npmjs.org/pump/-/pump-3.0.3.tgz 362ms (cache miss)
308 http fetch GET 200 https://registry.npmjs.org/file-uri-to-path/-/file-uri-to-path-1.0.0.tgz 370ms (cache miss)
309 http fetch GET 200 https://registry.npmjs.org/rc/-/rc-1.2.8.tgz 379ms (cache miss)
310 http fetch GET 200 https://registry.npmjs.org/minimist/-/minimist-1.2.8.tgz 421ms (cache miss)
311 http fetch GET 200 https://registry.npmjs.org/readable-stream/-/readable-stream-3.6.2.tgz 438ms (cache miss)
312 http fetch GET 200 https://registry.npmjs.org/better-sqlite3/-/better-sqlite3-9.6.0.tgz 571ms (cache miss)
313 info run better-sqlite3@9.6.0 install node_modules/better-sqlite3 prebuild-install || node-gyp rebuild --release
314 info run better-sqlite3@9.6.0 install { code: 0, signal: null }
315 silly ADD node_modules/util-deprecate
316 silly ADD node_modules/string_decoder
317 silly ADD node_modules/ieee754
318 silly ADD node_modules/base64-js
319 silly ADD node_modules/buffer
320 silly ADD node_modules/readable-stream
321 silly ADD node_modules/fs-constants
322 silly ADD node_modules/bl
323 silly ADD node_modules/tar-stream
324 silly ADD node_modules/chownr
325 silly ADD node_modules/mimic-response
326 silly ADD node_modules/simple-concat
327 silly ADD node_modules/decompress-response
328 silly ADD node_modules/strip-json-comments
329 silly ADD node_modules/ini
330 silly ADD node_modules/deep-extend
331 silly ADD node_modules/wrappy
332 silly ADD node_modules/once
333 silly ADD node_modules/end-of-stream
334 silly ADD node_modules/tunnel-agent
335 silly ADD node_modules/tar-fs
336 silly ADD node_modules/simple-get
337 silly ADD node_modules/rc
338 silly ADD node_modules/pump
339 silly ADD node_modules/node-abi
340 silly ADD node_modules/napi-build-utils
341 silly ADD node_modules/mkdirp-classic
342 silly ADD node_modules/minimist
343 silly ADD node_modules/github-from-package
344 silly ADD node_modules/expand-template
345 silly ADD node_modules/detect-libc
346 silly ADD node_modules/file-uri-to-path
347 silly ADD node_modules/prebuild-install
348 silly ADD node_modules/bindings
349 silly ADD node_modules/better-sqlite3
350 silly ADD
351 verbose cwd E:\web boss\web hack\backend
352 verbose os Windows_NT 10.0.26120
353 verbose node v22.19.0
354 verbose npm  v10.9.3
355 notice
355 notice New major version of npm available! 10.9.3 -> 11.6.0
355 notice Changelog: https://github.com/npm/cli/releases/tag/v11.6.0
355 notice To update run: npm install -g npm@11.6.0
355 notice  { force: true, [Symbol(proc-log.meta)]: true }
356 verbose exit 0
357 info ok
